<?xml version="1.0" encoding="UTF-8"?>
<!-- Generated by org.testng.reporters.JUnitReportReporter -->
<testsuite hostname="DESKTOP-LAGUD7Q" failures="0" tests="1" name="api_Testing.Api_Get_Request_Test" time="8.932" errors="0" timestamp="2022-12-15T15:20:05 IST" skipped="0">
  <testcase classname="api_Testing.Api_Get_Request_Test" name="response" time="8.932"/>
  <system-out/>
</testsuite> <!-- api_Testing.Api_Get_Request_Test -->
