<?xml version="1.0" encoding="UTF-8"?>
<!-- Generated by org.testng.reporters.JUnitReportReporter -->
<testsuite hostname="DESKTOP-LAGUD7Q" failures="0" tests="1" name="api_Testing.Response_Methods" time="4.743" errors="0" timestamp="2022-12-11T16:52:38 IST" skipped="0">
  <testcase classname="api_Testing.Response_Methods" name="post_Request" time="4.743"/>
  <system-out/>
</testsuite> <!-- api_Testing.Response_Methods -->
