<?xml version="1.0" encoding="UTF-8"?>
<!-- Generated by org.testng.reporters.JUnitReportReporter -->
<testsuite hostname="DESKTOP-LAGUD7Q" failures="0" tests="1" name="api_Testing.End2EndTestfor_postgetputdelete" time="11.068" errors="0" timestamp="2022-12-11T22:03:33 IST" skipped="0">
  <testcase classname="api_Testing.End2EndTestfor_postgetputdelete" name="response" time="11.068"/>
  <system-out/>
</testsuite> <!-- api_Testing.End2EndTestfor_postgetputdelete -->
